# JRE version: OpenJDK Runtime Environment (8.0_242-b01) (build 1.8.0_242-release-1644-b01)
# Java VM: OpenJDK 64-Bit Server VM (25.242-b01 mixed mode windows-amd64 compressed oops)
Heap:
 PSYoungGen      total 276992K, used 158649K [0x00000000eab00000, 0x00000000ffd80000, 0x0000000100000000)
  eden space 210432K, 69% used [0x00000000eab00000,0x00000000f3ab64b8,0x00000000f7880000)
  from space 66560K, 17% used [0x00000000fbc80000,0x00000000fc7b8250,0x00000000ffd80000)
  to   space 68096K, 0% used [0x00000000f7880000,0x00000000f7880000,0x00000000fbb00000)
 ParOldGen       total 356864K, used 162545K [0x00000000c0000000, 0x00000000d5c80000, 0x00000000eab00000)
  object space 356864K, 45% used [0x00000000c0000000,0x00000000c9ebc708,0x00000000d5c80000)
 Metaspace       used 109398K, capacity 114980K, committed 115136K, reserved 1148928K
  class space    used 14264K, capacity 15491K, committed 15616K, reserved 1048576K
GC Heap History (10 events):
Event: 505.338 GC heap before
{Heap before GC invocations=22 (full 4):
 PSYoungGen      total 299008K, used 276361K [0x00000000eab00000, 0x00000000fff00000, 0x0000000100000000)
  eden space 249344K, 100% used [0x00000000eab00000,0x00000000f9e80000,0x00000000f9e80000)
  from space 49664K, 54% used [0x00000000f9e80000,0x00000000fb8e27c8,0x00000000fcf00000)
  to   space 48640K, 0% used [0x00000000fcf80000,0x00000000fcf80000,0x00000000fff00000)
 ParOldGen       total 356864K, used 92693K [0x00000000c0000000, 0x00000000d5c80000, 0x00000000eab00000)
  object space 356864K, 25% used [0x00000000c0000000,0x00000000c5a85510,0x00000000d5c80000)
 Metaspace       used 105315K, capacity 110310K, committed 110400K, reserved 1144832K
  class space    used 13787K, capacity 14922K, committed 14976K, reserved 1048576K
Event: 505.373 GC heap after
Heap after GC invocations=22 (full 4):
 PSYoungGen      total 274944K, used 48637K [0x00000000eab00000, 0x0000000100000000, 0x0000000100000000)
  eden space 226304K, 0% used [0x00000000eab00000,0x00000000eab00000,0x00000000f8800000)
  from space 48640K, 99% used [0x00000000fcf80000,0x00000000ffeff7c0,0x00000000fff00000)
  to   space 61440K, 0% used [0x00000000f8800000,0x00000000f8800000,0x00000000fc400000)
 ParOldGen       total 356864K, used 108368K [0x00000000c0000000, 0x00000000d5c80000, 0x00000000eab00000)
  object space 356864K, 30% used [0x00000000c0000000,0x00000000c69d4230,0x00000000d5c80000)
 Metaspace       used 105315K, capacity 110310K, committed 110400K, reserved 1144832K
  class space    used 13787K, capacity 14922K, committed 14976K, reserved 1048576K
}
Event: 506.009 GC heap before
{Heap before GC invocations=23 (full 4):
 PSYoungGen      total 274944K, used 274941K [0x00000000eab00000, 0x0000000100000000, 0x0000000100000000)
  eden space 226304K, 100% used [0x00000000eab00000,0x00000000f8800000,0x00000000f8800000)
  from space 48640K, 99% used [0x00000000fcf80000,0x00000000ffeff7c0,0x00000000fff00000)
  to   space 61440K, 0% used [0x00000000f8800000,0x00000000f8800000,0x00000000fc400000)
 ParOldGen       total 356864K, used 108368K [0x00000000c0000000, 0x00000000d5c80000, 0x00000000eab00000)
  object space 356864K, 30% used [0x00000000c0000000,0x00000000c69d4230,0x00000000d5c80000)
 Metaspace       used 108504K, capacity 113954K, committed 114240K, reserved 1148928K
  class space    used 14184K, capacity 15392K, committed 15488K, reserved 1048576K
Event: 506.032 GC heap after
Heap after GC invocations=23 (full 4):
 PSYoungGen      total 287744K, used 61421K [0x00000000eab00000, 0x0000000100000000, 0x0000000100000000)
  eden space 226304K, 0% used [0x00000000eab00000,0x00000000eab00000,0x00000000f8800000)
  from space 61440K, 99% used [0x00000000f8800000,0x00000000fc3fb550,0x00000000fc400000)
  to   space 61440K, 0% used [0x00000000fc400000,0x00000000fc400000,0x0000000100000000)
 ParOldGen       total 356864K, used 108737K [0x00000000c0000000, 0x00000000d5c80000, 0x00000000eab00000)
  object space 356864K, 30% used [0x00000000c0000000,0x00000000c6a305a0,0x00000000d5c80000)
 Metaspace       used 108504K, capacity 113954K, committed 114240K, reserved 1148928K
  class space    used 14184K, capacity 15392K, committed 15488K, reserved 1048576K
}
Event: 506.363 GC heap before
{Heap before GC invocations=24 (full 4):
 PSYoungGen      total 287744K, used 287725K [0x00000000eab00000, 0x0000000100000000, 0x0000000100000000)
  eden space 226304K, 100% used [0x00000000eab00000,0x00000000f8800000,0x00000000f8800000)
  from space 61440K, 99% used [0x00000000f8800000,0x00000000fc3fb550,0x00000000fc400000)
  to   space 61440K, 0% used [0x00000000fc400000,0x00000000fc400000,0x0000000100000000)
 ParOldGen       total 356864K, used 108737K [0x00000000c0000000, 0x00000000d5c80000, 0x00000000eab00000)
  object space 356864K, 30% used [0x00000000c0000000,0x00000000c6a305a0,0x00000000d5c80000)
 Metaspace       used 108971K, capacity 114460K, committed 114752K, reserved 1148928K
  class space    used 14241K, capacity 15445K, committed 15488K, reserved 1048576K
Event: 506.388 GC heap after
Heap after GC invocations=24 (full 4):
 PSYoungGen      total 271360K, used 36997K [0x00000000eab00000, 0x0000000100000000, 0x0000000100000000)
  eden space 209920K, 0% used [0x00000000eab00000,0x00000000eab00000,0x00000000f7800000)
  from space 61440K, 60% used [0x00000000fc400000,0x00000000fe8215d0,0x0000000100000000)
  to   space 69632K, 0% used [0x00000000f7800000,0x00000000f7800000,0x00000000fbc00000)
 ParOldGen       total 356864K, used 131614K [0x00000000c0000000, 0x00000000d5c80000, 0x00000000eab00000)
  object space 356864K, 36% used [0x00000000c0000000,0x00000000c80878e0,0x00000000d5c80000)
 Metaspace       used 108971K, capacity 114460K, committed 114752K, reserved 1148928K
  class space    used 14241K, capacity 15445K, committed 15488K, reserved 1048576K
}
Event: 506.594 GC heap before
{Heap before GC invocations=25 (full 4):
 PSYoungGen      total 271360K, used 246917K [0x00000000eab00000, 0x0000000100000000, 0x0000000100000000)
  eden space 209920K, 100% used [0x00000000eab00000,0x00000000f7800000,0x00000000f7800000)
  from space 61440K, 60% used [0x00000000fc400000,0x00000000fe8215d0,0x0000000100000000)
  to   space 69632K, 0% used [0x00000000f7800000,0x00000000f7800000,0x00000000fbc00000)
 ParOldGen       total 356864K, used 131614K [0x00000000c0000000, 0x00000000d5c80000, 0x00000000eab00000)
  object space 356864K, 36% used [0x00000000c0000000,0x00000000c80878e0,0x00000000d5c80000)
 Metaspace       used 109086K, capacity 114564K, committed 114752K, reserved 1148928K
  class space    used 14249K, capacity 15453K, committed 15488K, reserved 1048576K
Event: 506.611 GC heap after
Heap after GC invocations=25 (full 4):
 PSYoungGen      total 279552K, used 11198K [0x00000000eab00000, 0x0000000100000000, 0x0000000100000000)
  eden space 209920K, 0% used [0x00000000eab00000,0x00000000eab00000,0x00000000f7800000)
  from space 69632K, 16% used [0x00000000f7800000,0x00000000f82efa10,0x00000000fbc00000)
  to   space 69120K, 0% used [0x00000000fbc80000,0x00000000fbc80000,0x0000000100000000)
 ParOldGen       total 356864K, used 154005K [0x00000000c0000000, 0x00000000d5c80000, 0x00000000eab00000)
  object space 356864K, 43% used [0x00000000c0000000,0x00000000c9665518,0x00000000d5c80000)
 Metaspace       used 109086K, capacity 114564K, committed 114752K, reserved 1148928K
  class space    used 14249K, capacity 15453K, committed 15488K, reserved 1048576K
}
Event: 506.802 GC heap before
{Heap before GC invocations=26 (full 4):
 PSYoungGen      total 279552K, used 221118K [0x00000000eab00000, 0x0000000100000000, 0x0000000100000000)
  eden space 209920K, 100% used [0x00000000eab00000,0x00000000f7800000,0x00000000f7800000)
  from space 69632K, 16% used [0x00000000f7800000,0x00000000f82efa10,0x00000000fbc00000)
  to   space 69120K, 0% used [0x00000000fbc80000,0x00000000fbc80000,0x0000000100000000)
 ParOldGen       total 356864K, used 154005K [0x00000000c0000000, 0x00000000d5c80000, 0x00000000eab00000)
  object space 356864K, 43% used [0x00000000c0000000,0x00000000c9665518,0x00000000d5c80000)
 Metaspace       used 109225K, capacity 114742K, committed 114752K, reserved 1148928K
  class space    used 14254K, capacity 15488K, committed 15488K, reserved 1048576K
Event: 506.827 GC heap after
Heap after GC invocations=26 (full 4):
 PSYoungGen      total 276992K, used 11488K [0x00000000eab00000, 0x00000000ffd80000, 0x0000000100000000)
  eden space 210432K, 0% used [0x00000000eab00000,0x00000000eab00000,0x00000000f7880000)
  from space 66560K, 17% used [0x00000000fbc80000,0x00000000fc7b8250,0x00000000ffd80000)
  to   space 68096K, 0% used [0x00000000f7880000,0x00000000f7880000,0x00000000fbb00000)
 ParOldGen       total 356864K, used 162545K [0x00000000c0000000, 0x00000000d5c80000, 0x00000000eab00000)
  object space 356864K, 45% used [0x00000000c0000000,0x00000000c9ebc708,0x00000000d5c80000)
 Metaspace       used 109225K, capacity 114742K, committed 114752K, reserved 1148928K
  class space    used 14254K, capacity 15488K, committed 15488K, reserved 1048576K
}

